5493516103569:ENCOLADO ans_1393ce70-8c67-477c-8a66-d1b8374c9b57
EJECUTANDO:ans_1393ce70-8c67-477c-8a66-d1b8374c9b57
5493516103569:SUCCESS
5493516103569:ENCOLADO ans_b78b4105-347b-4509-907e-2596cb0792d2
EJECUTANDO:ans_b78b4105-347b-4509-907e-2596cb0792d2
5493516103569:SUCCESS
5493516103569:ENCOLADO ans_e54f766d-eda6-41eb-980b-1234c7abdcde
EJECUTANDO:ans_e54f766d-eda6-41eb-980b-1234c7abdcde
5493516103569:SUCCESS
5493516103569:ENCOLADO ans_a596a85d-ec1e-4a48-8fbc-5fccb50c931c
EJECUTANDO:ans_a596a85d-ec1e-4a48-8fbc-5fccb50c931c
5493516103569:SUCCESS
5493516103569:ENCOLADO ans_bcb8821a-7521-4c0e-8192-ee38382ce497
EJECUTANDO:ans_bcb8821a-7521-4c0e-8192-ee38382ce497
5493516103569:SUCCESS
5493518124268:ENCOLADO ans_7e431e79-a247-459d-b259-bf8a7aadbc75
EJECUTANDO:ans_7e431e79-a247-459d-b259-bf8a7aadbc75
5493518124268:SUCCESS
5493518124268:ENCOLADO ans_60df6bd6-8455-433b-a687-e94ad2516acf
EJECUTANDO:ans_60df6bd6-8455-433b-a687-e94ad2516acf
5493518124268:SUCCESS
5493518124268:ENCOLADO ans_0dc8b7d3-7a5b-45d8-88d7-858be054ec96
EJECUTANDO:ans_0dc8b7d3-7a5b-45d8-88d7-858be054ec96
5493518124268:SUCCESS
5493518124268:ENCOLADO ans_81a041b6-a8f7-4b49-b4d9-7d142c060a0b
EJECUTANDO:ans_81a041b6-a8f7-4b49-b4d9-7d142c060a0b
5493518124268:SUCCESS
5493518124268:ENCOLADO ans_52bf74c1-16c5-491a-bedf-f902034c02b4
EJECUTANDO:ans_52bf74c1-16c5-491a-bedf-f902034c02b4
5493518124268:SUCCESS
5493518124268:ENCOLADO ans_4b802b35-289e-44c0-ac42-e110d8658bde
EJECUTANDO:ans_4b802b35-289e-44c0-ac42-e110d8658bde
5493518124268:SUCCESS
5493518124268:ENCOLADO ans_348c1b24-a603-4534-9b82-671608ee9403
EJECUTANDO:ans_348c1b24-a603-4534-9b82-671608ee9403
5493518124268:SUCCESS
5493518124268:ENCOLADO ans_56fe63da-79e8-4040-a53a-aac8522d476e
EJECUTANDO:ans_56fe63da-79e8-4040-a53a-aac8522d476e
5493518124268:SUCCESS
5493518124268:ENCOLADO ans_4b802b35-289e-44c0-ac42-e110d8658bde
EJECUTANDO:ans_4b802b35-289e-44c0-ac42-e110d8658bde
5493518124268:SUCCESS
5493518124268:ENCOLADO ans_348c1b24-a603-4534-9b82-671608ee9403
EJECUTANDO:ans_348c1b24-a603-4534-9b82-671608ee9403
5493518124268:SUCCESS
5493518124268:ENCOLADO ans_4c740ab7-9e29-43af-9070-4c3e8b90dff1
EJECUTANDO:ans_4c740ab7-9e29-43af-9070-4c3e8b90dff1
5493518124268:SUCCESS
5493518124268:ENCOLADO ans_6c85309e-21e4-4ff6-8f12-24bd7a56e9a8
EJECUTANDO:ans_6c85309e-21e4-4ff6-8f12-24bd7a56e9a8
5493518124268:SUCCESS
5493518124268:ENCOLADO ans_429604f4-79b4-4b92-afb0-d3b87ed595b4
EJECUTANDO:ans_429604f4-79b4-4b92-afb0-d3b87ed595b4
5493518124268:SUCCESS
5493518124268:ENCOLADO ans_4b802b35-289e-44c0-ac42-e110d8658bde
EJECUTANDO:ans_4b802b35-289e-44c0-ac42-e110d8658bde
5493518124268:SUCCESS
5493518124268:ENCOLADO ans_348c1b24-a603-4534-9b82-671608ee9403
EJECUTANDO:ans_348c1b24-a603-4534-9b82-671608ee9403
5493518124268:SUCCESS
5493518124268:ENCOLADO ans_1393ce70-8c67-477c-8a66-d1b8374c9b57
EJECUTANDO:ans_1393ce70-8c67-477c-8a66-d1b8374c9b57
5493518124268:SUCCESS
5493518124268:ENCOLADO ans_b78b4105-347b-4509-907e-2596cb0792d2
EJECUTANDO:ans_b78b4105-347b-4509-907e-2596cb0792d2
5493518124268:SUCCESS
5493518124268:ENCOLADO ans_e54f766d-eda6-41eb-980b-1234c7abdcde
EJECUTANDO:ans_e54f766d-eda6-41eb-980b-1234c7abdcde
5493518124268:SUCCESS
5493518124268:ENCOLADO ans_a596a85d-ec1e-4a48-8fbc-5fccb50c931c
EJECUTANDO:ans_a596a85d-ec1e-4a48-8fbc-5fccb50c931c
5493518124268:SUCCESS
5493518124268:ENCOLADO ans_bcb8821a-7521-4c0e-8192-ee38382ce497
EJECUTANDO:ans_bcb8821a-7521-4c0e-8192-ee38382ce497
5493518124268:SUCCESS
5493518124268:ENCOLADO ans_4b802b35-289e-44c0-ac42-e110d8658bde
EJECUTANDO:ans_4b802b35-289e-44c0-ac42-e110d8658bde
5493518124268:SUCCESS
5493518124268:ENCOLADO ans_348c1b24-a603-4534-9b82-671608ee9403
EJECUTANDO:ans_348c1b24-a603-4534-9b82-671608ee9403
5493518124268:SUCCESS
5493518124268:ENCOLADO ans_9b567fe3-49dc-42ab-85db-36f8deda10c7
EJECUTANDO:ans_9b567fe3-49dc-42ab-85db-36f8deda10c7
5493518124268:SUCCESS
5493518124268:ENCOLADO ans_0d8eaa4b-3d7d-4518-a706-acf11995c6df
EJECUTANDO:ans_0d8eaa4b-3d7d-4518-a706-acf11995c6df
5493518124268:SUCCESS
5493518124268:ENCOLADO ans_2b641f60-90da-4f43-a95d-6f57793cf688
EJECUTANDO:ans_2b641f60-90da-4f43-a95d-6f57793cf688
5493518124268:SUCCESS
5493518124268:ENCOLADO ans_2df1b893-2a97-4ea5-891a-ebd5e173e6ba
EJECUTANDO:ans_2df1b893-2a97-4ea5-891a-ebd5e173e6ba
5493518124268:SUCCESS
5493518124268:ENCOLADO ans_4b802b35-289e-44c0-ac42-e110d8658bde
EJECUTANDO:ans_4b802b35-289e-44c0-ac42-e110d8658bde
5493518124268:SUCCESS
5493518124268:ENCOLADO ans_348c1b24-a603-4534-9b82-671608ee9403
EJECUTANDO:ans_348c1b24-a603-4534-9b82-671608ee9403
5493518124268:SUCCESS
5493518124268:ENCOLADO ans_2416ff6d-3cd8-4cc4-9b40-e23f99072415
EJECUTANDO:ans_2416ff6d-3cd8-4cc4-9b40-e23f99072415
5493518124268:SUCCESS
5493518124268:ENCOLADO ans_204630f6-b693-4fcc-a666-081a07806c7f
EJECUTANDO:ans_204630f6-b693-4fcc-a666-081a07806c7f
5493518124268:SUCCESS
5493516451453:ENCOLADO ans_0dc8b7d3-7a5b-45d8-88d7-858be054ec96
EJECUTANDO:ans_0dc8b7d3-7a5b-45d8-88d7-858be054ec96
5493516451453:SUCCESS
5493516451453:ENCOLADO ans_81a041b6-a8f7-4b49-b4d9-7d142c060a0b
EJECUTANDO:ans_81a041b6-a8f7-4b49-b4d9-7d142c060a0b
5493516451453:SUCCESS
5493516451453:ENCOLADO ans_52bf74c1-16c5-491a-bedf-f902034c02b4
EJECUTANDO:ans_52bf74c1-16c5-491a-bedf-f902034c02b4
5493516451453:SUCCESS
5493517586762:ENCOLADO ans_7e431e79-a247-459d-b259-bf8a7aadbc75
EJECUTANDO:ans_7e431e79-a247-459d-b259-bf8a7aadbc75
5493517586762:SUCCESS
5493517586762:ENCOLADO ans_60df6bd6-8455-433b-a687-e94ad2516acf
EJECUTANDO:ans_60df6bd6-8455-433b-a687-e94ad2516acf
5493517586762:SUCCESS
5493517586762:ENCOLADO ans_0dc8b7d3-7a5b-45d8-88d7-858be054ec96
EJECUTANDO:ans_0dc8b7d3-7a5b-45d8-88d7-858be054ec96
5493517586762:SUCCESS
5493517586762:ENCOLADO ans_81a041b6-a8f7-4b49-b4d9-7d142c060a0b
EJECUTANDO:ans_81a041b6-a8f7-4b49-b4d9-7d142c060a0b
5493517586762:SUCCESS
5493517586762:ENCOLADO ans_52bf74c1-16c5-491a-bedf-f902034c02b4
EJECUTANDO:ans_52bf74c1-16c5-491a-bedf-f902034c02b4
5493517586762:SUCCESS
5493512499232:ENCOLADO ans_56fe63da-79e8-4040-a53a-aac8522d476e
EJECUTANDO:ans_56fe63da-79e8-4040-a53a-aac8522d476e
5493512499232:SUCCESS
5493516271839:ENCOLADO ans_7e431e79-a247-459d-b259-bf8a7aadbc75
EJECUTANDO:ans_7e431e79-a247-459d-b259-bf8a7aadbc75
5493516271839:SUCCESS
5493516271839:ENCOLADO ans_60df6bd6-8455-433b-a687-e94ad2516acf
EJECUTANDO:ans_60df6bd6-8455-433b-a687-e94ad2516acf
5493516271839:SUCCESS
5493516451453:ENCOLADO ans_4b802b35-289e-44c0-ac42-e110d8658bde
EJECUTANDO:ans_4b802b35-289e-44c0-ac42-e110d8658bde
5493516451453:SUCCESS
5493516451453:ENCOLADO ans_348c1b24-a603-4534-9b82-671608ee9403
EJECUTANDO:ans_348c1b24-a603-4534-9b82-671608ee9403
5493516451453:SUCCESS
5493514086238:ENCOLADO ans_7e431e79-a247-459d-b259-bf8a7aadbc75
EJECUTANDO:ans_7e431e79-a247-459d-b259-bf8a7aadbc75
5493514086238:SUCCESS
5493514086238:ENCOLADO ans_60df6bd6-8455-433b-a687-e94ad2516acf
EJECUTANDO:ans_60df6bd6-8455-433b-a687-e94ad2516acf
5493514086238:SUCCESS
5493514086238:ENCOLADO ans_0dc8b7d3-7a5b-45d8-88d7-858be054ec96
EJECUTANDO:ans_0dc8b7d3-7a5b-45d8-88d7-858be054ec96
5493514086238:SUCCESS
5493514086238:ENCOLADO ans_81a041b6-a8f7-4b49-b4d9-7d142c060a0b
EJECUTANDO:ans_81a041b6-a8f7-4b49-b4d9-7d142c060a0b
5493514086238:SUCCESS
5493514086238:ENCOLADO ans_52bf74c1-16c5-491a-bedf-f902034c02b4
EJECUTANDO:ans_52bf74c1-16c5-491a-bedf-f902034c02b4
5493514086238:SUCCESS
5493513485960:ENCOLADO ans_7e431e79-a247-459d-b259-bf8a7aadbc75
EJECUTANDO:ans_7e431e79-a247-459d-b259-bf8a7aadbc75
5493513485960:SUCCESS
5493513485960:ENCOLADO ans_60df6bd6-8455-433b-a687-e94ad2516acf
EJECUTANDO:ans_60df6bd6-8455-433b-a687-e94ad2516acf
5493513485960:SUCCESS
